09:06:54.881[main] INFO  testcases.TC_007_CheckForPoc - Ths is starting
09:06:01.249[main] INFO  testcases.TC_007_CheckForPoc - Creating POC Account
09:06:04.993[main] INFO  testcases.TC_007_CheckForPoc - POC name verified successfully.
12:06:38.859[main] INFO  testcases.TC_INT_039_InternLoginTest - Ths is starting
12:06:25.297[main] INFO  testcases.TC_INT_039_InternLoginTest - Ths is starting
12:06:05.848[main] INFO  testcases.TC_INT_039_InternLoginTest - Ths is starting
16:06:17.176[main] INFO  testcases.TS_15_InternPunchingTest - Ths is starting
16:06:01.991[main] INFO  testcases.TS_15_InternPunchingTest - Ths is starting
09:06:02.755[main] INFO  testcases.TS_15_InternPunchingTest - Ths is starting
14:06:50.646[main] INFO  testcases.TS_15_InternPunchingTest - Ths is starting
14:06:22.490[main] INFO  testcases.TS_15_InternPunchingTest - Ths is starting
14:06:05.138[main] INFO  testcases.TS_14_InternLoginTest - Ths is starting
14:06:25.217[main] INFO  testcases.TS_14_InternLoginTest - Ths is starting
14:06:32.379[main] INFO  testcases.TS_15_InternPunchingTest - Ths is starting
14:06:33.249[main] INFO  testcases.TS_15_InternPunchingTest - Ths is starting
14:06:39.607[main] INFO  testcases.TS_15_InternPunchingTest - Ths is starting
14:06:15.118[main] INFO  testcases.TS_15_InternPunchingTest - Ths is starting
14:06:36.708[main] INFO  testcases.TS_15_InternPunchingTest - Ths is starting
14:06:17.239[main] INFO  testcases.TS_15_InternPunchingTest - Ths is starting
14:06:58.093[main] INFO  testcases.TS_15_InternPunchingTest - Ths is starting
14:06:38.592[main] INFO  testcases.TS_15_InternPunchingTest - Ths is starting
15:06:20.806[main] INFO  testcases.TS_15_InternPunchingTest - Ths is starting
15:06:45.176[main] INFO  testcases.TS_15_InternPunchingTest - Ths is starting
15:06:16.296[main] INFO  testcases.TS_15_InternPunchingTest - Ths is starting
20:06:01.168[main] INFO  testcases.TS_16_InternLeaveTest - Ths is starting
20:06:26.131[main] INFO  testcases.TS_16_InternLeaveTest - Ths is starting
20:06:12.956[main] INFO  testcases.TS_16_InternLeaveTest - Ths is starting
20:06:45.850[main] INFO  testcases.TS_16_InternLeaveTest - Ths is starting
20:06:06.290[main] INFO  testcases.TS_16_InternLeaveTest - Ths is starting
20:06:04.124[main] INFO  testcases.TS_16_InternLeaveTest - Ths is starting
20:06:47.092[main] INFO  testcases.TS_16_InternLeaveTest - Ths is starting
16:06:38.416[main] INFO  testcases.TS_15_InternPunchingTest - Ths is starting
17:06:05.615[main] INFO  testcases.TS_16_InternLeaveTest - Ths is starting
17:06:58.875[main] INFO  testcases.TS_16_InternLeaveTest - Ths is starting
17:06:06.473[main] INFO  testcases.TS_16_InternLeaveTest - Ths is starting
17:06:32.205[main] INFO  testcases.TS_16_InternLeaveTest - Ths is starting
17:06:43.578[main] INFO  testcases.TS_16_InternLeaveTest - Ths is starting
18:06:09.077[main] INFO  testcases.TS_16_InternLeaveTest - Ths is starting
18:06:11.190[main] INFO  testcases.TS_16_InternLeaveTest - Ths is starting
18:06:26.356[main] INFO  testcases.TS_16_InternLeaveTest - Ths is starting
18:06:16.006[main] INFO  testcases.TS_16_InternLeaveTest - Ths is starting
18:06:31.611[main] INFO  testcases.TS_16_InternLeaveTest - Ths is starting
18:06:14.029[main] INFO  testcases.TS_16_InternLeaveTest - Ths is starting
22:06:41.802[main] INFO  testcases.TS_14_InternLoginTest - Ths is starting
22:06:47.031[main] INFO  testcases.TS_15_InternPunchingTest - Ths is starting
22:06:50.881[main] INFO  testcases.TS_16_InternLeaveTest - Ths is starting
22:06:35.898[main] INFO  testcases.TS_16_InternLeaveTest - Ths is starting
22:06:12.420[main] INFO  testcases.TS_17_InternLeaveStatusTest - Ths is starting
22:06:39.839[main] INFO  testcases.TS_17_InternLeaveStatusTest - Ths is starting
22:06:38.122[main] INFO  testcases.TS_17_InternLeaveStatusTest - Ths is starting
22:06:37.741[main] INFO  testcases.TS_17_InternLeaveStatusTest - Ths is starting
22:06:57.412[main] INFO  testcases.TS_17_InternLeaveStatusTest - Ths is starting
22:06:44.159[main] INFO  testcases.TS_17_InternLeaveStatusTest - Ths is starting
22:06:37.033[main] INFO  testcases.TS_17_InternLeaveStatusTest - Ths is starting
22:06:58.647[main] INFO  testcases.TS_17_InternLeaveStatusTest - Ths is starting
22:06:54.703[main] INFO  testcases.TS_17_InternLeaveStatusTest - Ths is starting
22:06:57.732[main] INFO  testcases.TS_17_InternLeaveStatusTest - Ths is starting
23:06:36.870[main] INFO  testcases.TS_17_InternLeaveStatusTest - Ths is starting
23:06:39.701[main] INFO  testcases.TS_17_InternLeaveStatusTest - Ths is starting
23:06:27.220[main] INFO  testcases.TS_17_InternLeaveStatusTest - Ths is starting
23:06:15.504[main] INFO  testcases.TS_17_InternLeaveStatusTest - Ths is starting
23:06:36.645[main] INFO  testcases.TS_17_InternLeaveStatusTest - Ths is starting
23:06:14.083[main] INFO  testcases.TS_17_InternLeaveStatusTest - Ths is starting
23:06:35.869[main] INFO  testcases.TS_17_InternLeaveStatusTest - Ths is starting
